//---------------------------------------------------------------------------
// File name:   imports.lst
// Description: Used to generate code for IRX function imports
//---------------------------------------------------------------------------

intrman_IMPORTS_start
I_CpuSuspendIntr
I_CpuResumeIntr
intrman_IMPORTS_end

xmcman_IMPORTS_start
I_McReadPage
I_McWritePage
I_McEraseBlock2
I_McDataChecksum
I_McGetCardSpec
I_McCloseAll
I_McFlushCache
xmcman_IMPORTS_end

sifcmd_IMPORTS_start
I_sceSifRegisterRpc
I_sceSifSetRpcQueue
I_sceSifRpcLoop
I_sceSifRemoveRpc
I_sceSifRemoveRpcQueue
sifcmd_IMPORTS_end

sifman_IMPORTS_start
I_sceSifCheckInit
I_sceSifInit
I_sceSifInitRpc
I_sceSifSetDma
I_sceSifDmaStat
sifman_IMPORTS_end

stdio_IMPORTS_start
I_printf
stdio_IMPORTS_end

sysclib_IMPORTS_start
I_strtok
I_strcpy
I_strchr
I_strlen
I_strncmp
I_strncpy
I_memcpy
I_sprintf
I_memset
sysclib_IMPORTS_end

sysmem_IMPORTS_start
I_AllocSysMemory
I_FreeSysMemory
sysmem_IMPORTS_end

thbase_IMPORTS_start
I_CreateThread
I_StartThread
I_GetThreadId
I_ExitDeleteThread
I_ChangeThreadPriority
I_DelayThread
I_DeleteThread
I_TerminateThread
thbase_IMPORTS_end

//---------------------------------------------------------------------------
// End of file: imports.lst
//---------------------------------------------------------------------------
